<?xml version="1.0" encoding="utf-8"?>
<shfbBuild product="Sandcastle Help File Builder and Tools" version="2024.2.18.0" projectFile="C:\Users\119\tools\shfb_files\conversion_windows_api.shfbproj" started="2025/8/15 16:18:47">
<buildStep step="Initializing">
The Sandcastle tools are located in &#39;C:\Program Files (x86)\EWSoftware\Sandcastle Help File Builder&#39;
Locating components in the following folder(s):
    C:\Users\119\tools\shfb_files
    C:\ProgramData\EWSoftware\Sandcastle Help File Builder\Components and Plug-Ins
    C:\Program Files (x86)\EWSoftware\Sandcastle Help File Builder\Components
Using framework reflection data for &#39;.NET Framework 4.5.2&#39; located in &#39;C:\Program Files (x86)\EWSoftware\Sandcastle Help File Builder\Data\.NETFramework&#39;
Using presentation style &#39;VS2013&#39; located in &#39;C:\Program Files (x86)\EWSoftware\Sandcastle Help File Builder\Components\VS2013&#39;
Searching for HTML Help 1 compiler...
Found HTML Help 1 compiler in &#39;C:\Program Files (x86)\HTML Help Workshop\&#39;
Loading and initializing plug-ins...
Version Builder plug-in is disabled and will not be loaded
Lightweight Website Style Version 2024.2.18.0
Copyright &#169; 2006-2024, Eric Woodruff, All Rights Reserved
Portions Copyright &#169; 2014, Sam Harwell, All Rights Reserved
</buildStep>
<buildStep step="ValidatingDocumentationSources">
Validating and copying documentation source information
Source: C:\Users\119\work\pdftooffice\windows\csharp\dotnet_framework\ComPDFKit_Conversion.csproj
    Found project &#39;C:\Users\119\work\pdftooffice\windows\csharp\dotnet_framework\ComPDFKit_Conversion.csproj&#39;

Parsing project files
    Found assembly &#39;C:\Users\119\work\pdftooffice\windows\csharp\dotnet_framework\bin\Release\cpdfconversionsdk_dotnet.dll&#39; (.NETFramework 4.6.1)
SHFB: Warning BE0007: A project with a different or higher framework version was found.  Changing project FrameworkVersion property from &#39;.NET Framework 4.5.2&#39; to &#39;.NET Framework 4.7.2&#39; for the build.

References to include:
    C:\Users\119\work\pdftooffice\windows\csharp\dotnet_framework\bin\Release\cpdfconversionsdk_dotnet.dll
    Newtonsoft.Json

Copying XML comments files
    C:\Users\119\work\pdftooffice\windows\csharp\dotnet_framework\bin\Release\cpdfconversionsdk_dotnet.xml -&gt; C:\Users\119\tools\shfb_files\api_docs\conversion\Working\cpdfconversionsdk_dotnet.xml
</buildStep>
<buildStep step="GenerateSharedContent">
Generating shared content files (en-US, 英语(美国))...
<plugIn name="Lightweight Website Style" behavior="After" priority="1000">
</plugIn>    Last step completed in 00:00:00.0015
</buildStep>
<buildStep step="GenerateApiFilter">
Generating API filter for MRefBuilder...
    Last step completed in 00:00:00.0150
</buildStep>
<buildStep step="GenerateReflectionInfo">
Generating reflection information...
[C:\Program Files\Microsoft Visual Studio\2022\Community\MSBuild\Current\Bin\amd64\MSBuild.exe - GenerateRefInfo-7730a898-28c8-48ff-9366-f913c5dcbbda.proj]
生成启动时间为 2025/8/15 16:18:48。

节点 1 上的项目“C:\Users\119\tools\shfb_files\api_docs\conversion\Working\GenerateRefInfo-7730a898-28c8-48ff-9366-f913c5dcbbda.proj”(默认目标)。
PrepareForBuild:
  正在创建目录“obj\Debug\”。
GenerateRefInfo:
  Microsoft.Build (v17.9.8+b34f75857bacf5ecd5531f7ff763a5739d3ae435)
  ? Microsoft Corporation. All rights reserved.
  No source code context base path specified.  Source context information is unavailable.
  Loaded 1 assemblies for reflection and 3 dependency assemblies.
  Wrote information on 3 namespaces, 26 types, and 207 members
  Merging duplicate type and member information
  Merged 0 duplicate type(s) and 0 duplicate member(s)
已完成生成项目“C:\Users\119\tools\shfb_files\api_docs\conversion\Working\GenerateRefInfo-7730a898-28c8-48ff-9366-f913c5dcbbda.proj”(默认目标)的操作。
    Last step completed in 00:00:00.7705
</buildStep>
<buildStep step="ApplyDocumentModel">
Applying document model to reflection output...
    Last step completed in 00:00:00.0319
</buildStep>
<buildStep step="AddNamespaceGroups">
Adding namespace group entries...
Added 0 namespace group entries
    Last step completed in 00:00:00.0298
</buildStep>
<buildStep step="AddApiTopicFilenames">
Adding topic filenames to API members...
    Last step completed in 00:00:00.0271
</buildStep>
<buildStep step="GenerateApiTopicManifest">
Generating API topic manifest...
    Last step completed in 00:00:00.0286
</buildStep>
<buildStep step="GenerateNamespaceSummaries">
Generating namespace summary information...
    Last step completed in 00:00:00.0256
</buildStep>
<buildStep step="CopyAdditionalContent">
Copying additional content files...
No additional content to copy
    Last step completed in 00:00:00.0000
</buildStep>
<buildStep step="MergeTablesOfContents">
Merging conceptual and additional tables of contents...
    Last step completed in 00:00:00.0000
</buildStep>
<buildStep step="GenerateIntermediateTableOfContents">
Generating intermediate table of contents file for API content...
Generating conceptual content intermediate TOC file...
    Last step completed in 00:00:00.0163
</buildStep>
<buildStep step="CreateBuildAssemblerConfigs">
Creating Sandcastle configuration files...
    Last step completed in 00:00:00.2339
</buildStep>
<buildStep step="CombiningIntermediateTocFiles">
Combining conceptual and API intermediate TOC files...
    Last step completed in 00:00:00.0000
</buildStep>
<buildStep step="MergeCustomConfigs">
Merging custom build component configurations
C:\Users\119\tools\shfb_files\api_docs\conversion\Working\BuildAssembler.config
  Updating reference topic configurations.
  No conceptual content.  Removing conceptual content components.
    Last step completed in 00:00:00.0540
</buildStep>
<buildStep step="BuildTopics">
Building help topics...
Loading configuration...
Processing topics...
Processed 183 topic(s)
CopyFromIndexComponent: &quot;reflection&quot; in-memory cache entries used: 3 of 15.
CopyFromIndexComponent: &quot;comments&quot; in-memory cache entries used: 1 of 30.
SaveComponent: Waiting for the document writer task to finish (1 Help1 API file(s) remaining)...
    Last step completed in 00:00:03.8494
</buildStep>
<buildStep step="ExtractingHtmlInfo">
Extracting HTML info for HTML Help 1 and/or website...
Using LCID &#39;1033&#39;, code page &#39;65001&#39;, encoding charset &#39;UTF-8&#39;.
Processing Help 1 files in C:\Users\119\tools\shfb_files\api_docs\conversion\Working\Output\HtmlHelp1
Processed 183 HTML files.  Sorting keywords and generating See Also indices.
Saving HTML Help 1 keyword index to C:\Users\119\tools\shfb_files\api_docs\conversion\Working\Output\HtmlHelp1\api_reference_dotnet.hhk
Saving HTML Help 1 table of contents to C:\Users\119\tools\shfb_files\api_docs\conversion\Working\Output\HtmlHelp1\api_reference_dotnet.hhc
    Last step completed in 00:00:00.0430
</buildStep>
<buildStep step="CopyStandardHelpContent">
Copying standard help content...
C:\Program Files (x86)\EWSoftware\Sandcastle Help File Builder\Components\VS2013\icons\AlertCaution.png -&gt; C:\Users\119\tools\shfb_files\api_docs\conversion\Working\Output\HtmlHelp1\icons\AlertCaution.png
C:\Program Files (x86)\EWSoftware\Sandcastle Help File Builder\Components\VS2013\icons\AlertNote.png -&gt; C:\Users\119\tools\shfb_files\api_docs\conversion\Working\Output\HtmlHelp1\icons\AlertNote.png
C:\Program Files (x86)\EWSoftware\Sandcastle Help File Builder\Components\VS2013\icons\AlertSecurity.png -&gt; C:\Users\119\tools\shfb_files\api_docs\conversion\Working\Output\HtmlHelp1\icons\AlertSecurity.png
C:\Program Files (x86)\EWSoftware\Sandcastle Help File Builder\Components\VS2013\icons\CodeExample.png -&gt; C:\Users\119\tools\shfb_files\api_docs\conversion\Working\Output\HtmlHelp1\icons\CodeExample.png
C:\Program Files (x86)\EWSoftware\Sandcastle Help File Builder\Components\VS2013\icons\favicon.ico -&gt; C:\Users\119\tools\shfb_files\api_docs\conversion\Working\Output\HtmlHelp1\icons\favicon.ico
C:\Program Files (x86)\EWSoftware\Sandcastle Help File Builder\Components\VS2013\icons\privClass.gif -&gt; C:\Users\119\tools\shfb_files\api_docs\conversion\Working\Output\HtmlHelp1\icons\privClass.gif
C:\Program Files (x86)\EWSoftware\Sandcastle Help File Builder\Components\VS2013\icons\privDelegate.gif -&gt; C:\Users\119\tools\shfb_files\api_docs\conversion\Working\Output\HtmlHelp1\icons\privDelegate.gif
C:\Program Files (x86)\EWSoftware\Sandcastle Help File Builder\Components\VS2013\icons\privEnumeration.gif -&gt; C:\Users\119\tools\shfb_files\api_docs\conversion\Working\Output\HtmlHelp1\icons\privEnumeration.gif
C:\Program Files (x86)\EWSoftware\Sandcastle Help File Builder\Components\VS2013\icons\privEvent.gif -&gt; C:\Users\119\tools\shfb_files\api_docs\conversion\Working\Output\HtmlHelp1\icons\privEvent.gif
C:\Program Files (x86)\EWSoftware\Sandcastle Help File Builder\Components\VS2013\icons\privExtension.gif -&gt; C:\Users\119\tools\shfb_files\api_docs\conversion\Working\Output\HtmlHelp1\icons\privExtension.gif
C:\Program Files (x86)\EWSoftware\Sandcastle Help File Builder\Components\VS2013\icons\privField.gif -&gt; C:\Users\119\tools\shfb_files\api_docs\conversion\Working\Output\HtmlHelp1\icons\privField.gif
C:\Program Files (x86)\EWSoftware\Sandcastle Help File Builder\Components\VS2013\icons\privInterface.gif -&gt; C:\Users\119\tools\shfb_files\api_docs\conversion\Working\Output\HtmlHelp1\icons\privInterface.gif
C:\Program Files (x86)\EWSoftware\Sandcastle Help File Builder\Components\VS2013\icons\privMethod.gif -&gt; C:\Users\119\tools\shfb_files\api_docs\conversion\Working\Output\HtmlHelp1\icons\privMethod.gif
C:\Program Files (x86)\EWSoftware\Sandcastle Help File Builder\Components\VS2013\icons\privProperty.gif -&gt; C:\Users\119\tools\shfb_files\api_docs\conversion\Working\Output\HtmlHelp1\icons\privProperty.gif
C:\Program Files (x86)\EWSoftware\Sandcastle Help File Builder\Components\VS2013\icons\privStructure.gif -&gt; C:\Users\119\tools\shfb_files\api_docs\conversion\Working\Output\HtmlHelp1\icons\privStructure.gif
C:\Program Files (x86)\EWSoftware\Sandcastle Help File Builder\Components\VS2013\icons\protClass.gif -&gt; C:\Users\119\tools\shfb_files\api_docs\conversion\Working\Output\HtmlHelp1\icons\protClass.gif
C:\Program Files (x86)\EWSoftware\Sandcastle Help File Builder\Components\VS2013\icons\protDelegate.gif -&gt; C:\Users\119\tools\shfb_files\api_docs\conversion\Working\Output\HtmlHelp1\icons\protDelegate.gif
C:\Program Files (x86)\EWSoftware\Sandcastle Help File Builder\Components\VS2013\icons\protEnumeration.gif -&gt; C:\Users\119\tools\shfb_files\api_docs\conversion\Working\Output\HtmlHelp1\icons\protEnumeration.gif
C:\Program Files (x86)\EWSoftware\Sandcastle Help File Builder\Components\VS2013\icons\protEvent.gif -&gt; C:\Users\119\tools\shfb_files\api_docs\conversion\Working\Output\HtmlHelp1\icons\protEvent.gif
C:\Program Files (x86)\EWSoftware\Sandcastle Help File Builder\Components\VS2013\icons\protExtension.gif -&gt; C:\Users\119\tools\shfb_files\api_docs\conversion\Working\Output\HtmlHelp1\icons\protExtension.gif
C:\Program Files (x86)\EWSoftware\Sandcastle Help File Builder\Components\VS2013\icons\protField.gif -&gt; C:\Users\119\tools\shfb_files\api_docs\conversion\Working\Output\HtmlHelp1\icons\protField.gif
C:\Program Files (x86)\EWSoftware\Sandcastle Help File Builder\Components\VS2013\icons\protInterface.gif -&gt; C:\Users\119\tools\shfb_files\api_docs\conversion\Working\Output\HtmlHelp1\icons\protInterface.gif
C:\Program Files (x86)\EWSoftware\Sandcastle Help File Builder\Components\VS2013\icons\protMethod.gif -&gt; C:\Users\119\tools\shfb_files\api_docs\conversion\Working\Output\HtmlHelp1\icons\protMethod.gif
C:\Program Files (x86)\EWSoftware\Sandcastle Help File Builder\Components\VS2013\icons\protOperator.gif -&gt; C:\Users\119\tools\shfb_files\api_docs\conversion\Working\Output\HtmlHelp1\icons\protOperator.gif
C:\Program Files (x86)\EWSoftware\Sandcastle Help File Builder\Components\VS2013\icons\protProperty.gif -&gt; C:\Users\119\tools\shfb_files\api_docs\conversion\Working\Output\HtmlHelp1\icons\protProperty.gif
C:\Program Files (x86)\EWSoftware\Sandcastle Help File Builder\Components\VS2013\icons\protStructure.gif -&gt; C:\Users\119\tools\shfb_files\api_docs\conversion\Working\Output\HtmlHelp1\icons\protStructure.gif
C:\Program Files (x86)\EWSoftware\Sandcastle Help File Builder\Components\VS2013\icons\pubClass.gif -&gt; C:\Users\119\tools\shfb_files\api_docs\conversion\Working\Output\HtmlHelp1\icons\pubClass.gif
C:\Program Files (x86)\EWSoftware\Sandcastle Help File Builder\Components\VS2013\icons\pubDelegate.gif -&gt; C:\Users\119\tools\shfb_files\api_docs\conversion\Working\Output\HtmlHelp1\icons\pubDelegate.gif
C:\Program Files (x86)\EWSoftware\Sandcastle Help File Builder\Components\VS2013\icons\pubEnumeration.gif -&gt; C:\Users\119\tools\shfb_files\api_docs\conversion\Working\Output\HtmlHelp1\icons\pubEnumeration.gif
C:\Program Files (x86)\EWSoftware\Sandcastle Help File Builder\Components\VS2013\icons\pubEvent.gif -&gt; C:\Users\119\tools\shfb_files\api_docs\conversion\Working\Output\HtmlHelp1\icons\pubEvent.gif
C:\Program Files (x86)\EWSoftware\Sandcastle Help File Builder\Components\VS2013\icons\pubExtension.gif -&gt; C:\Users\119\tools\shfb_files\api_docs\conversion\Working\Output\HtmlHelp1\icons\pubExtension.gif
C:\Program Files (x86)\EWSoftware\Sandcastle Help File Builder\Components\VS2013\icons\pubField.gif -&gt; C:\Users\119\tools\shfb_files\api_docs\conversion\Working\Output\HtmlHelp1\icons\pubField.gif
C:\Program Files (x86)\EWSoftware\Sandcastle Help File Builder\Components\VS2013\icons\pubInterface.gif -&gt; C:\Users\119\tools\shfb_files\api_docs\conversion\Working\Output\HtmlHelp1\icons\pubInterface.gif
C:\Program Files (x86)\EWSoftware\Sandcastle Help File Builder\Components\VS2013\icons\pubMethod.gif -&gt; C:\Users\119\tools\shfb_files\api_docs\conversion\Working\Output\HtmlHelp1\icons\pubMethod.gif
C:\Program Files (x86)\EWSoftware\Sandcastle Help File Builder\Components\VS2013\icons\pubOperator.gif -&gt; C:\Users\119\tools\shfb_files\api_docs\conversion\Working\Output\HtmlHelp1\icons\pubOperator.gif
C:\Program Files (x86)\EWSoftware\Sandcastle Help File Builder\Components\VS2013\icons\pubProperty.gif -&gt; C:\Users\119\tools\shfb_files\api_docs\conversion\Working\Output\HtmlHelp1\icons\pubProperty.gif
C:\Program Files (x86)\EWSoftware\Sandcastle Help File Builder\Components\VS2013\icons\pubStructure.gif -&gt; C:\Users\119\tools\shfb_files\api_docs\conversion\Working\Output\HtmlHelp1\icons\pubStructure.gif
C:\Program Files (x86)\EWSoftware\Sandcastle Help File Builder\Components\VS2013\icons\SectionCollapsed.png -&gt; C:\Users\119\tools\shfb_files\api_docs\conversion\Working\Output\HtmlHelp1\icons\SectionCollapsed.png
C:\Program Files (x86)\EWSoftware\Sandcastle Help File Builder\Components\VS2013\icons\SectionExpanded.png -&gt; C:\Users\119\tools\shfb_files\api_docs\conversion\Working\Output\HtmlHelp1\icons\SectionExpanded.png
C:\Program Files (x86)\EWSoftware\Sandcastle Help File Builder\Components\VS2013\icons\Static.gif -&gt; C:\Users\119\tools\shfb_files\api_docs\conversion\Working\Output\HtmlHelp1\icons\Static.gif
C:\Program Files (x86)\EWSoftware\Sandcastle Help File Builder\Components\VS2013\scripts\branding.js -&gt; C:\Users\119\tools\shfb_files\api_docs\conversion\Working\Output\HtmlHelp1\scripts\branding.js
C:\Program Files (x86)\EWSoftware\Sandcastle Help File Builder\Components\VS2013\styles\branding-cs-CZ.css -&gt; C:\Users\119\tools\shfb_files\api_docs\conversion\Working\Output\HtmlHelp1\styles\branding-cs-CZ.css
C:\Program Files (x86)\EWSoftware\Sandcastle Help File Builder\Components\VS2013\styles\branding-de-DE.css -&gt; C:\Users\119\tools\shfb_files\api_docs\conversion\Working\Output\HtmlHelp1\styles\branding-de-DE.css
C:\Program Files (x86)\EWSoftware\Sandcastle Help File Builder\Components\VS2013\styles\branding-en-US.css -&gt; C:\Users\119\tools\shfb_files\api_docs\conversion\Working\Output\HtmlHelp1\styles\branding-en-US.css
C:\Program Files (x86)\EWSoftware\Sandcastle Help File Builder\Components\VS2013\styles\branding-es-ES.css -&gt; C:\Users\119\tools\shfb_files\api_docs\conversion\Working\Output\HtmlHelp1\styles\branding-es-ES.css
C:\Program Files (x86)\EWSoftware\Sandcastle Help File Builder\Components\VS2013\styles\branding-fr-FR.css -&gt; C:\Users\119\tools\shfb_files\api_docs\conversion\Working\Output\HtmlHelp1\styles\branding-fr-FR.css
C:\Program Files (x86)\EWSoftware\Sandcastle Help File Builder\Components\VS2013\styles\branding-Help1.css -&gt; C:\Users\119\tools\shfb_files\api_docs\conversion\Working\Output\HtmlHelp1\styles\branding-Help1.css
C:\Program Files (x86)\EWSoftware\Sandcastle Help File Builder\Components\VS2013\styles\branding-HelpViewer.css -&gt; C:\Users\119\tools\shfb_files\api_docs\conversion\Working\Output\HtmlHelp1\styles\branding-HelpViewer.css
C:\Program Files (x86)\EWSoftware\Sandcastle Help File Builder\Components\VS2013\styles\branding-it-IT.css -&gt; C:\Users\119\tools\shfb_files\api_docs\conversion\Working\Output\HtmlHelp1\styles\branding-it-IT.css
C:\Program Files (x86)\EWSoftware\Sandcastle Help File Builder\Components\VS2013\styles\branding-ja-JP.css -&gt; C:\Users\119\tools\shfb_files\api_docs\conversion\Working\Output\HtmlHelp1\styles\branding-ja-JP.css
C:\Program Files (x86)\EWSoftware\Sandcastle Help File Builder\Components\VS2013\styles\branding-ko-KR.css -&gt; C:\Users\119\tools\shfb_files\api_docs\conversion\Working\Output\HtmlHelp1\styles\branding-ko-KR.css
C:\Program Files (x86)\EWSoftware\Sandcastle Help File Builder\Components\VS2013\styles\branding-pl-PL.css -&gt; C:\Users\119\tools\shfb_files\api_docs\conversion\Working\Output\HtmlHelp1\styles\branding-pl-PL.css
C:\Program Files (x86)\EWSoftware\Sandcastle Help File Builder\Components\VS2013\styles\branding-pt-BR.css -&gt; C:\Users\119\tools\shfb_files\api_docs\conversion\Working\Output\HtmlHelp1\styles\branding-pt-BR.css
C:\Program Files (x86)\EWSoftware\Sandcastle Help File Builder\Components\VS2013\styles\branding-ru-RU.css -&gt; C:\Users\119\tools\shfb_files\api_docs\conversion\Working\Output\HtmlHelp1\styles\branding-ru-RU.css
C:\Program Files (x86)\EWSoftware\Sandcastle Help File Builder\Components\VS2013\styles\branding-tr-TR.css -&gt; C:\Users\119\tools\shfb_files\api_docs\conversion\Working\Output\HtmlHelp1\styles\branding-tr-TR.css
C:\Program Files (x86)\EWSoftware\Sandcastle Help File Builder\Components\VS2013\styles\branding-Website.css -&gt; C:\Users\119\tools\shfb_files\api_docs\conversion\Working\Output\HtmlHelp1\styles\branding-Website.css
C:\Program Files (x86)\EWSoftware\Sandcastle Help File Builder\Components\VS2013\styles\branding-zh-CN.css -&gt; C:\Users\119\tools\shfb_files\api_docs\conversion\Working\Output\HtmlHelp1\styles\branding-zh-CN.css
C:\Program Files (x86)\EWSoftware\Sandcastle Help File Builder\Components\VS2013\styles\branding-zh-TW.css -&gt; C:\Users\119\tools\shfb_files\api_docs\conversion\Working\Output\HtmlHelp1\styles\branding-zh-TW.css
C:\Program Files (x86)\EWSoftware\Sandcastle Help File Builder\Components\VS2013\styles\branding.css -&gt; C:\Users\119\tools\shfb_files\api_docs\conversion\Working\Output\HtmlHelp1\styles\branding.css
    Last step completed in 00:00:00.0762
</buildStep>
<buildStep step="GenerateHelpProject">
Generating HTML Help 1 project file...
    Last step completed in 00:00:00.0027
</buildStep>
<buildStep step="CompilingHelpFile">
Compiling HTML Help 1 file...
[C:\Program Files\Microsoft Visual Studio\2022\Community\MSBuild\Current\Bin\amd64\MSBuild.exe - Build1xHelpFile.proj]

  Microsoft HTML Help Compiler 4.74.8702
  
  
  
  Compiling c:\Users\119\tools\shfb_files\api_docs\conversion\Working\Output\HtmlHelp1\api_reference_dotnet.chm
  
  
  
  
  
  Compile time: 0 minutes, 1 second
  
  185	Topics
  
  2,026	Local links
  
  0	Internet links
  
  0	Graphics
  
  
  
  
  
  Created c:\Users\119\tools\shfb_files\api_docs\conversion\Working\Output\HtmlHelp1\api_reference_dotnet.chm, 217,489 bytes
  
  Compression decreased file by 1,108,186 bytes.
  
    Last step completed in 00:00:01.4877
</buildStep>
<buildStep step="CleanIntermediates">
Removing intermediate files...
    Last step completed in 00:00:00.0384
</buildStep>
<buildStep step="Completed">

Build completed successfully at 2025/8/15 16:18:54.  Total time: 00:00:07.1005

</buildStep>
</shfbBuild>
